CRITICAL - 2022-11-09 00:01:28 --> syntax error, unexpected token ")"
in APPPATH\Controllers\Auth.php on line 82.
 1 SYSTEMPATH\Autoloader\Autoloader.php(259): CodeIgniter\Autoloader\Autoloader->includeFile('APPPATH\\Controllers\\Auth.php')
 2 SYSTEMPATH\Autoloader\Autoloader.php(237): CodeIgniter\Autoloader\Autoloader->loadInNamespace('App\\Controllers\\Auth')
 3 [internal function]: CodeIgniter\Autoloader\Autoloader->loadClass('App\\Controllers\\Auth')
 4 SYSTEMPATH\CodeIgniter.php(877): class_exists('\\App\\Controllers\\Auth', true)
 5 SYSTEMPATH\CodeIgniter.php(469): CodeIgniter\CodeIgniter->startController()
 6 SYSTEMPATH\CodeIgniter.php(351): CodeIgniter\CodeIgniter->handleRequest(null, Object(Config\Cache), false)
 7 FCPATH\index.php(67): CodeIgniter\CodeIgniter->run()
CRITICAL - 2022-11-09 00:01:38 --> syntax error, unexpected token ")"
in APPPATH\Controllers\Auth.php on line 82.
 1 SYSTEMPATH\Autoloader\Autoloader.php(259): CodeIgniter\Autoloader\Autoloader->includeFile('APPPATH\\Controllers\\Auth.php')
 2 SYSTEMPATH\Autoloader\Autoloader.php(237): CodeIgniter\Autoloader\Autoloader->loadInNamespace('App\\Controllers\\Auth')
 3 [internal function]: CodeIgniter\Autoloader\Autoloader->loadClass('App\\Controllers\\Auth')
 4 SYSTEMPATH\CodeIgniter.php(877): class_exists('\\App\\Controllers\\Auth', true)
 5 SYSTEMPATH\CodeIgniter.php(469): CodeIgniter\CodeIgniter->startController()
 6 SYSTEMPATH\CodeIgniter.php(351): CodeIgniter\CodeIgniter->handleRequest(null, Object(Config\Cache), false)
 7 FCPATH\index.php(67): CodeIgniter\CodeIgniter->run()
CRITICAL - 2022-11-09 00:03:16 --> Class "App\Controllers\Firebase\JWT\JWT" not found
in APPPATH\Controllers\Auth.php on line 68.
 1 APPPATH\Controllers\Auth.php(31): App\Controllers\Auth->tokenGet('Access', [...])
 2 SYSTEMPATH\CodeIgniter.php(927): App\Controllers\Auth->login()
 3 SYSTEMPATH\CodeIgniter.php(482): CodeIgniter\CodeIgniter->runController(Object(App\Controllers\Auth))
 4 SYSTEMPATH\CodeIgniter.php(351): CodeIgniter\CodeIgniter->handleRequest(null, Object(Config\Cache), false)
 5 FCPATH\index.php(67): CodeIgniter\CodeIgniter->run()
CRITICAL - 2022-11-09 00:05:42 --> Class "App\Controllers\Firebase\JWT\JWT" not found
in APPPATH\Controllers\Auth.php on line 77.
 1 APPPATH\Controllers\Auth.php(40): App\Controllers\Auth->tokenGet('Access', [...])
 2 SYSTEMPATH\CodeIgniter.php(927): App\Controllers\Auth->login()
 3 SYSTEMPATH\CodeIgniter.php(482): CodeIgniter\CodeIgniter->runController(Object(App\Controllers\Auth))
 4 SYSTEMPATH\CodeIgniter.php(351): CodeIgniter\CodeIgniter->handleRequest(null, Object(Config\Cache), false)
 5 FCPATH\index.php(67): CodeIgniter\CodeIgniter->run()
CRITICAL - 2022-11-09 00:06:08 --> Class "App\Controllers\Firebase\JWT\JWT" not found
in APPPATH\Controllers\Auth.php on line 77.
 1 APPPATH\Controllers\Auth.php(40): App\Controllers\Auth->tokenGet('Access', [...])
 2 SYSTEMPATH\CodeIgniter.php(927): App\Controllers\Auth->login()
 3 SYSTEMPATH\CodeIgniter.php(482): CodeIgniter\CodeIgniter->runController(Object(App\Controllers\Auth))
 4 SYSTEMPATH\CodeIgniter.php(351): CodeIgniter\CodeIgniter->handleRequest(null, Object(Config\Cache), false)
 5 FCPATH\index.php(67): CodeIgniter\CodeIgniter->run()
CRITICAL - 2022-11-09 00:06:57 --> Class "App\Controllers\Firebase\JWT\JWT" not found
in APPPATH\Controllers\Auth.php on line 77.
 1 APPPATH\Controllers\Auth.php(40): App\Controllers\Auth->tokenGet('Access', [...])
 2 SYSTEMPATH\CodeIgniter.php(927): App\Controllers\Auth->login()
 3 SYSTEMPATH\CodeIgniter.php(482): CodeIgniter\CodeIgniter->runController(Object(App\Controllers\Auth))
 4 SYSTEMPATH\CodeIgniter.php(351): CodeIgniter\CodeIgniter->handleRequest(null, Object(Config\Cache), false)
 5 FCPATH\index.php(67): CodeIgniter\CodeIgniter->run()
CRITICAL - 2022-11-09 00:07:13 --> Class "App\Controllers\Firebase\JWT\JWT" not found
in APPPATH\Controllers\Auth.php on line 77.
 1 APPPATH\Controllers\Auth.php(40): App\Controllers\Auth->tokenGet('Access', [...])
 2 SYSTEMPATH\CodeIgniter.php(927): App\Controllers\Auth->login()
 3 SYSTEMPATH\CodeIgniter.php(482): CodeIgniter\CodeIgniter->runController(Object(App\Controllers\Auth))
 4 SYSTEMPATH\CodeIgniter.php(351): CodeIgniter\CodeIgniter->handleRequest(null, Object(Config\Cache), false)
 5 FCPATH\index.php(67): CodeIgniter\CodeIgniter->run()
CRITICAL - 2022-11-09 00:07:35 --> Class "App\Controllers\Firebase\JWT\JWT" not found
in APPPATH\Controllers\Auth.php on line 77.
 1 APPPATH\Controllers\Auth.php(40): App\Controllers\Auth->tokenGet('Access', [...])
 2 SYSTEMPATH\CodeIgniter.php(927): App\Controllers\Auth->login()
 3 SYSTEMPATH\CodeIgniter.php(482): CodeIgniter\CodeIgniter->runController(Object(App\Controllers\Auth))
 4 SYSTEMPATH\CodeIgniter.php(351): CodeIgniter\CodeIgniter->handleRequest(null, Object(Config\Cache), false)
 5 FCPATH\index.php(67): CodeIgniter\CodeIgniter->run()
CRITICAL - 2022-11-09 00:07:49 --> Class "App\Controllers\Firebase\JWT\JWT" not found
in APPPATH\Controllers\Auth.php on line 75.
 1 APPPATH\Controllers\Auth.php(40): App\Controllers\Auth->tokenGet('Access', [...])
 2 SYSTEMPATH\CodeIgniter.php(927): App\Controllers\Auth->login()
 3 SYSTEMPATH\CodeIgniter.php(482): CodeIgniter\CodeIgniter->runController(Object(App\Controllers\Auth))
 4 SYSTEMPATH\CodeIgniter.php(351): CodeIgniter\CodeIgniter->handleRequest(null, Object(Config\Cache), false)
 5 FCPATH\index.php(67): CodeIgniter\CodeIgniter->run()
CRITICAL - 2022-11-09 00:08:56 --> Class "App\Controllers\Firebase\JWT\JWT" not found
in APPPATH\Controllers\Auth.php on line 75.
 1 APPPATH\Controllers\Auth.php(40): App\Controllers\Auth->tokenGet('Access', [...])
 2 SYSTEMPATH\CodeIgniter.php(927): App\Controllers\Auth->login()
 3 SYSTEMPATH\CodeIgniter.php(482): CodeIgniter\CodeIgniter->runController(Object(App\Controllers\Auth))
 4 SYSTEMPATH\CodeIgniter.php(351): CodeIgniter\CodeIgniter->handleRequest(null, Object(Config\Cache), false)
 5 FCPATH\index.php(67): CodeIgniter\CodeIgniter->run()
CRITICAL - 2022-11-09 00:10:21 --> Class "App\Controllers\Firebase\JWT\JWT" not found
in APPPATH\Controllers\Auth.php on line 95.
 1 APPPATH\Controllers\Auth.php(40): App\Controllers\Auth->tokenGet('Access', [...])
 2 SYSTEMPATH\CodeIgniter.php(927): App\Controllers\Auth->login()
 3 SYSTEMPATH\CodeIgniter.php(482): CodeIgniter\CodeIgniter->runController(Object(App\Controllers\Auth))
 4 SYSTEMPATH\CodeIgniter.php(351): CodeIgniter\CodeIgniter->handleRequest(null, Object(Config\Cache), false)
 5 FCPATH\index.php(67): CodeIgniter\CodeIgniter->run()
CRITICAL - 2022-11-09 00:11:12 --> Class "App\Controllers\Firebase\JWT\JWT" not found
in APPPATH\Controllers\Auth.php on line 95.
 1 APPPATH\Controllers\Auth.php(40): App\Controllers\Auth->tokenGet('Access', [...])
 2 SYSTEMPATH\CodeIgniter.php(927): App\Controllers\Auth->login()
 3 SYSTEMPATH\CodeIgniter.php(482): CodeIgniter\CodeIgniter->runController(Object(App\Controllers\Auth))
 4 SYSTEMPATH\CodeIgniter.php(351): CodeIgniter\CodeIgniter->handleRequest(null, Object(Config\Cache), false)
 5 FCPATH\index.php(67): CodeIgniter\CodeIgniter->run()
CRITICAL - 2022-11-09 00:13:24 --> Class "App\Controllers\Firebase\JWT\JWT" not found
in APPPATH\Controllers\Auth.php on line 95.
 1 APPPATH\Controllers\Auth.php(40): App\Controllers\Auth->tokenGet('Access', [...])
 2 SYSTEMPATH\CodeIgniter.php(927): App\Controllers\Auth->login()
 3 SYSTEMPATH\CodeIgniter.php(482): CodeIgniter\CodeIgniter->runController(Object(App\Controllers\Auth))
 4 SYSTEMPATH\CodeIgniter.php(351): CodeIgniter\CodeIgniter->handleRequest(null, Object(Config\Cache), false)
 5 FCPATH\index.php(67): CodeIgniter\CodeIgniter->run()
CRITICAL - 2022-11-09 00:14:27 --> Class "App\Controllers\Firebase\JWT" not found
in APPPATH\Controllers\Auth.php on line 95.
 1 APPPATH\Controllers\Auth.php(40): App\Controllers\Auth->tokenGet('Access', [...])
 2 SYSTEMPATH\CodeIgniter.php(927): App\Controllers\Auth->login()
 3 SYSTEMPATH\CodeIgniter.php(482): CodeIgniter\CodeIgniter->runController(Object(App\Controllers\Auth))
 4 SYSTEMPATH\CodeIgniter.php(351): CodeIgniter\CodeIgniter->handleRequest(null, Object(Config\Cache), false)
 5 FCPATH\index.php(67): CodeIgniter\CodeIgniter->run()
CRITICAL - 2022-11-09 00:15:02 --> Class "App\Controllers\Firebase\JWT" not found
in APPPATH\Controllers\Auth.php on line 95.
 1 APPPATH\Controllers\Auth.php(40): App\Controllers\Auth->tokenGet('Access', [...])
 2 SYSTEMPATH\CodeIgniter.php(927): App\Controllers\Auth->login()
 3 SYSTEMPATH\CodeIgniter.php(482): CodeIgniter\CodeIgniter->runController(Object(App\Controllers\Auth))
 4 SYSTEMPATH\CodeIgniter.php(351): CodeIgniter\CodeIgniter->handleRequest(null, Object(Config\Cache), false)
 5 FCPATH\index.php(67): CodeIgniter\CodeIgniter->run()
CRITICAL - 2022-11-09 00:16:07 --> Class "App\Controllers\Firebase\JWT\JWT" not found
in APPPATH\Controllers\Auth.php on line 95.
 1 APPPATH\Controllers\Auth.php(40): App\Controllers\Auth->tokenGet('Access', [...])
 2 SYSTEMPATH\CodeIgniter.php(927): App\Controllers\Auth->login()
 3 SYSTEMPATH\CodeIgniter.php(482): CodeIgniter\CodeIgniter->runController(Object(App\Controllers\Auth))
 4 SYSTEMPATH\CodeIgniter.php(351): CodeIgniter\CodeIgniter->handleRequest(null, Object(Config\Cache), false)
 5 FCPATH\index.php(67): CodeIgniter\CodeIgniter->run()
CRITICAL - 2022-11-09 00:17:12 --> Class "App\Controllers\Firebase\JWT\JWT" not found
in APPPATH\Controllers\Auth.php on line 109.
 1 APPPATH\Controllers\Auth.php(42): App\Controllers\Auth->tokenGet('Access', [...])
 2 SYSTEMPATH\CodeIgniter.php(927): App\Controllers\Auth->login()
 3 SYSTEMPATH\CodeIgniter.php(482): CodeIgniter\CodeIgniter->runController(Object(App\Controllers\Auth))
 4 SYSTEMPATH\CodeIgniter.php(351): CodeIgniter\CodeIgniter->handleRequest(null, Object(Config\Cache), false)
 5 FCPATH\index.php(67): CodeIgniter\CodeIgniter->run()
CRITICAL - 2022-11-09 00:18:09 --> Class "App\Controllers\Firebase\JWT\JWT" not found
in APPPATH\Controllers\Auth.php on line 111.
 1 APPPATH\Controllers\Auth.php(44): App\Controllers\Auth->tokenGet('Access', [...])
 2 SYSTEMPATH\CodeIgniter.php(927): App\Controllers\Auth->login()
 3 SYSTEMPATH\CodeIgniter.php(482): CodeIgniter\CodeIgniter->runController(Object(App\Controllers\Auth))
 4 SYSTEMPATH\CodeIgniter.php(351): CodeIgniter\CodeIgniter->handleRequest(null, Object(Config\Cache), false)
 5 FCPATH\index.php(67): CodeIgniter\CodeIgniter->run()
CRITICAL - 2022-11-09 00:18:29 --> Class "App\Controllers\Firebase\JWT\JWT" not found
in APPPATH\Controllers\Auth.php on line 120.
 1 APPPATH\Controllers\Auth.php(44): App\Controllers\Auth->tokenGet('Access', [...])
 2 SYSTEMPATH\CodeIgniter.php(927): App\Controllers\Auth->login()
 3 SYSTEMPATH\CodeIgniter.php(482): CodeIgniter\CodeIgniter->runController(Object(App\Controllers\Auth))
 4 SYSTEMPATH\CodeIgniter.php(351): CodeIgniter\CodeIgniter->handleRequest(null, Object(Config\Cache), false)
 5 FCPATH\index.php(67): CodeIgniter\CodeIgniter->run()
CRITICAL - 2022-11-09 00:19:13 --> Class "App\Controllers\Firebase\JWT\JWT" not found
in APPPATH\Controllers\Auth.php on line 120.
 1 APPPATH\Controllers\Auth.php(44): App\Controllers\Auth->tokenGet('Access', [...])
 2 SYSTEMPATH\CodeIgniter.php(927): App\Controllers\Auth->login()
 3 SYSTEMPATH\CodeIgniter.php(482): CodeIgniter\CodeIgniter->runController(Object(App\Controllers\Auth))
 4 SYSTEMPATH\CodeIgniter.php(351): CodeIgniter\CodeIgniter->handleRequest(null, Object(Config\Cache), false)
 5 FCPATH\index.php(67): CodeIgniter\CodeIgniter->run()
CRITICAL - 2022-11-09 00:19:49 --> Class "App\Controllers\Firebase\JWT\JWT\JWT" not found
in APPPATH\Controllers\Auth.php on line 120.
 1 APPPATH\Controllers\Auth.php(44): App\Controllers\Auth->tokenGet('Access', [...])
 2 SYSTEMPATH\CodeIgniter.php(927): App\Controllers\Auth->login()
 3 SYSTEMPATH\CodeIgniter.php(482): CodeIgniter\CodeIgniter->runController(Object(App\Controllers\Auth))
 4 SYSTEMPATH\CodeIgniter.php(351): CodeIgniter\CodeIgniter->handleRequest(null, Object(Config\Cache), false)
 5 FCPATH\index.php(67): CodeIgniter\CodeIgniter->run()
CRITICAL - 2022-11-09 00:19:56 --> Class "App\Controllers\Firebase\JWT" not found
in APPPATH\Controllers\Auth.php on line 120.
 1 APPPATH\Controllers\Auth.php(44): App\Controllers\Auth->tokenGet('Access', [...])
 2 SYSTEMPATH\CodeIgniter.php(927): App\Controllers\Auth->login()
 3 SYSTEMPATH\CodeIgniter.php(482): CodeIgniter\CodeIgniter->runController(Object(App\Controllers\Auth))
 4 SYSTEMPATH\CodeIgniter.php(351): CodeIgniter\CodeIgniter->handleRequest(null, Object(Config\Cache), false)
 5 FCPATH\index.php(67): CodeIgniter\CodeIgniter->run()
CRITICAL - 2022-11-09 00:22:49 --> Class "App\Controllers\Firebase\JWT\JWT" not found
in APPPATH\Controllers\Auth.php on line 120.
 1 APPPATH\Controllers\Auth.php(44): App\Controllers\Auth->tokenGet('Access', [...])
 2 SYSTEMPATH\CodeIgniter.php(927): App\Controllers\Auth->login()
 3 SYSTEMPATH\CodeIgniter.php(482): CodeIgniter\CodeIgniter->runController(Object(App\Controllers\Auth))
 4 SYSTEMPATH\CodeIgniter.php(351): CodeIgniter\CodeIgniter->handleRequest(null, Object(Config\Cache), false)
 5 FCPATH\index.php(67): CodeIgniter\CodeIgniter->run()
CRITICAL - 2022-11-09 00:23:03 --> Class "App\Controllers\Firebase\JWT\JWT" not found
in APPPATH\Controllers\Auth.php on line 120.
 1 APPPATH\Controllers\Auth.php(44): App\Controllers\Auth->tokenGet('Access', [...])
 2 SYSTEMPATH\CodeIgniter.php(927): App\Controllers\Auth->login()
 3 SYSTEMPATH\CodeIgniter.php(482): CodeIgniter\CodeIgniter->runController(Object(App\Controllers\Auth))
 4 SYSTEMPATH\CodeIgniter.php(351): CodeIgniter\CodeIgniter->handleRequest(null, Object(Config\Cache), false)
 5 FCPATH\index.php(67): CodeIgniter\CodeIgniter->run()
CRITICAL - 2022-11-09 00:27:47 --> Class "App\Controllers\Firebase\JWT\JWT" not found
in APPPATH\Controllers\Auth.php on line 120.
 1 APPPATH\Controllers\Auth.php(44): App\Controllers\Auth->tokenGet('Access', [...])
 2 SYSTEMPATH\CodeIgniter.php(927): App\Controllers\Auth->login()
 3 SYSTEMPATH\CodeIgniter.php(482): CodeIgniter\CodeIgniter->runController(Object(App\Controllers\Auth))
 4 SYSTEMPATH\CodeIgniter.php(351): CodeIgniter\CodeIgniter->handleRequest(null, Object(Config\Cache), false)
 5 FCPATH\index.php(67): CodeIgniter\CodeIgniter->run()
CRITICAL - 2022-11-09 00:28:18 --> Class "App\Controllers\Firebase\JWT\JWT" not found
in APPPATH\Controllers\Home.php on line 9.
 1 SYSTEMPATH\CodeIgniter.php(927): App\Controllers\Home->index()
 2 SYSTEMPATH\CodeIgniter.php(482): CodeIgniter\CodeIgniter->runController(Object(App\Controllers\Home))
 3 SYSTEMPATH\CodeIgniter.php(351): CodeIgniter\CodeIgniter->handleRequest(null, Object(Config\Cache), false)
 4 FCPATH\index.php(67): CodeIgniter\CodeIgniter->run()
CRITICAL - 2022-11-09 00:28:49 --> Class "App\Controllers\Firebase\JWT\JWT" not found
in APPPATH\Controllers\Home.php on line 9.
 1 SYSTEMPATH\CodeIgniter.php(927): App\Controllers\Home->index()
 2 SYSTEMPATH\CodeIgniter.php(482): CodeIgniter\CodeIgniter->runController(Object(App\Controllers\Home))
 3 SYSTEMPATH\CodeIgniter.php(351): CodeIgniter\CodeIgniter->handleRequest(null, Object(Config\Cache), false)
 4 FCPATH\index.php(67): CodeIgniter\CodeIgniter->run()
CRITICAL - 2022-11-09 00:29:42 --> Class "App\Controllers\Firebase\JWT\JWT" not found
in APPPATH\Controllers\Auth.php on line 120.
 1 APPPATH\Controllers\Auth.php(44): App\Controllers\Auth->tokenGet('Access', [...])
 2 SYSTEMPATH\CodeIgniter.php(927): App\Controllers\Auth->login()
 3 SYSTEMPATH\CodeIgniter.php(482): CodeIgniter\CodeIgniter->runController(Object(App\Controllers\Auth))
 4 SYSTEMPATH\CodeIgniter.php(351): CodeIgniter\CodeIgniter->handleRequest(null, Object(Config\Cache), false)
 5 FCPATH\index.php(67): CodeIgniter\CodeIgniter->run()
CRITICAL - 2022-11-09 00:30:43 --> Class "App\Controllers\Firebase\JWT\JWT" not found
in APPPATH\Controllers\Auth.php on line 120.
 1 APPPATH\Controllers\Auth.php(44): App\Controllers\Auth->tokenGet('Access', [...])
 2 SYSTEMPATH\CodeIgniter.php(927): App\Controllers\Auth->login()
 3 SYSTEMPATH\CodeIgniter.php(482): CodeIgniter\CodeIgniter->runController(Object(App\Controllers\Auth))
 4 SYSTEMPATH\CodeIgniter.php(351): CodeIgniter\CodeIgniter->handleRequest(null, Object(Config\Cache), false)
 5 FCPATH\index.php(67): CodeIgniter\CodeIgniter->run()
CRITICAL - 2022-11-09 00:31:06 --> Class "App\Controllers\Firebase\JWT\JWT" not found
in APPPATH\Controllers\Auth.php on line 120.
 1 APPPATH\Controllers\Auth.php(44): App\Controllers\Auth->tokenGet('Access', [...])
 2 SYSTEMPATH\CodeIgniter.php(927): App\Controllers\Auth->login()
 3 SYSTEMPATH\CodeIgniter.php(482): CodeIgniter\CodeIgniter->runController(Object(App\Controllers\Auth))
 4 SYSTEMPATH\CodeIgniter.php(351): CodeIgniter\CodeIgniter->handleRequest(null, Object(Config\Cache), false)
 5 FCPATH\index.php(67): CodeIgniter\CodeIgniter->run()
CRITICAL - 2022-11-09 00:38:02 --> Undefined array key "accessToken"
in APPPATH\Controllers\Auth.php on line 45.
 1 APPPATH\Controllers\Auth.php(45): CodeIgniter\Debug\Exceptions->errorHandler(2, 'Undefined array key "accessToken"', 'APPPATH\\Controllers\\Auth.php', 45)
 2 SYSTEMPATH\CodeIgniter.php(927): App\Controllers\Auth->login()
 3 SYSTEMPATH\CodeIgniter.php(482): CodeIgniter\CodeIgniter->runController(Object(App\Controllers\Auth))
 4 SYSTEMPATH\CodeIgniter.php(351): CodeIgniter\CodeIgniter->handleRequest(null, Object(Config\Cache), false)
 5 FCPATH\index.php(67): CodeIgniter\CodeIgniter->run()
CRITICAL - 2022-11-09 00:47:10 --> Undefined array key "token"
in APPPATH\Controllers\Auth.php on line 67.
 1 APPPATH\Controllers\Auth.php(67): CodeIgniter\Debug\Exceptions->errorHandler(2, 'Undefined array key "token"', 'APPPATH\\Controllers\\Auth.php', 67)
 2 SYSTEMPATH\CodeIgniter.php(927): App\Controllers\Auth->updateToken()
 3 SYSTEMPATH\CodeIgniter.php(482): CodeIgniter\CodeIgniter->runController(Object(App\Controllers\Auth))
 4 SYSTEMPATH\CodeIgniter.php(351): CodeIgniter\CodeIgniter->handleRequest(null, Object(Config\Cache), false)
 5 FCPATH\index.php(67): CodeIgniter\CodeIgniter->run()
CRITICAL - 2022-11-09 01:21:52 --> Undefined constant "CodeIgniter\Debug\VENDORPATH"
in SYSTEMPATH\Debug\Exceptions.php on line 177.
 1 SYSTEMPATH\Debug\Exceptions.php(157): CodeIgniter\Debug\Exceptions->isFakerDeprecationError(8192, 'preg_match(): Passing null to parameter #2 ($subject) of type string is deprecated', 'APPPATH\\Controllers\\Transaction.php', 13)
 2 [internal function]: CodeIgniter\Debug\Exceptions->errorHandler(8192, 'preg_match(): Passing null to parameter #2 ($subject) of type string is deprecated', 'APPPATH\\Controllers\\Transaction.php', 13)
 3 APPPATH\Controllers\Transaction.php(13): preg_match('/Bearer\\s(\\S+)/', null, null)
 4 SYSTEMPATH\CodeIgniter.php(927): App\Controllers\Transaction->transfer()
 5 SYSTEMPATH\CodeIgniter.php(482): CodeIgniter\CodeIgniter->runController(Object(App\Controllers\Transaction))
 6 SYSTEMPATH\CodeIgniter.php(351): CodeIgniter\CodeIgniter->handleRequest(null, Object(Config\Cache), false)
 7 FCPATH\index.php(67): CodeIgniter\CodeIgniter->run()
CRITICAL - 2022-11-09 01:23:48 --> Undefined property: App\Controllers\Transaction::$bearerToken
in APPPATH\Controllers\Transaction.php on line 27.
 1 APPPATH\Controllers\Transaction.php(27): CodeIgniter\Debug\Exceptions->errorHandler(2, 'Undefined property: App\\Controllers\\Transaction::$bearerToken', 'APPPATH\\Controllers\\Transaction.php', 27)
 2 SYSTEMPATH\CodeIgniter.php(927): App\Controllers\Transaction->transfer()
 3 SYSTEMPATH\CodeIgniter.php(482): CodeIgniter\CodeIgniter->runController(Object(App\Controllers\Transaction))
 4 SYSTEMPATH\CodeIgniter.php(351): CodeIgniter\CodeIgniter->handleRequest(null, Object(Config\Cache), false)
 5 FCPATH\index.php(67): CodeIgniter\CodeIgniter->run()
CRITICAL - 2022-11-09 01:25:06 --> Undefined constant "CodeIgniter\Debug\VENDORPATH"
in SYSTEMPATH\Debug\Exceptions.php on line 177.
 1 SYSTEMPATH\Debug\Exceptions.php(157): CodeIgniter\Debug\Exceptions->isFakerDeprecationError(8192, 'preg_match(): Passing null to parameter #2 ($subject) of type string is deprecated', 'APPPATH\\Controllers\\Transaction.php', 14)
 2 [internal function]: CodeIgniter\Debug\Exceptions->errorHandler(8192, 'preg_match(): Passing null to parameter #2 ($subject) of type string is deprecated', 'APPPATH\\Controllers\\Transaction.php', 14)
 3 APPPATH\Controllers\Transaction.php(14): preg_match('/Bearer\\s(\\S+)/', null, 'ROOTPATH\\public')
 4 SYSTEMPATH\CodeIgniter.php(927): App\Controllers\Transaction->transfer()
 5 SYSTEMPATH\CodeIgniter.php(482): CodeIgniter\CodeIgniter->runController(Object(App\Controllers\Transaction))
 6 SYSTEMPATH\CodeIgniter.php(351): CodeIgniter\CodeIgniter->handleRequest(null, Object(Config\Cache), false)
 7 FCPATH\index.php(67): CodeIgniter\CodeIgniter->run()
CRITICAL - 2022-11-09 01:26:20 --> Undefined constant "CodeIgniter\Debug\VENDORPATH"
in SYSTEMPATH\Debug\Exceptions.php on line 177.
 1 SYSTEMPATH\Debug\Exceptions.php(157): CodeIgniter\Debug\Exceptions->isFakerDeprecationError(8192, 'preg_match(): Passing null to parameter #2 ($subject) of type string is deprecated', 'APPPATH\\Controllers\\Transaction.php', 14)
 2 [internal function]: CodeIgniter\Debug\Exceptions->errorHandler(8192, 'preg_match(): Passing null to parameter #2 ($subject) of type string is deprecated', 'APPPATH\\Controllers\\Transaction.php', 14)
 3 APPPATH\Controllers\Transaction.php(14): preg_match('/Bearer\\s(\\S+)/', null, 'ROOTPATH\\public')
 4 SYSTEMPATH\CodeIgniter.php(927): App\Controllers\Transaction->transfer()
 5 SYSTEMPATH\CodeIgniter.php(482): CodeIgniter\CodeIgniter->runController(Object(App\Controllers\Transaction))
 6 SYSTEMPATH\CodeIgniter.php(351): CodeIgniter\CodeIgniter->handleRequest(null, Object(Config\Cache), false)
 7 FCPATH\index.php(67): CodeIgniter\CodeIgniter->run()
CRITICAL - 2022-11-09 01:28:51 --> Undefined constant "CodeIgniter\Debug\VENDORPATH"
in SYSTEMPATH\Debug\Exceptions.php on line 177.
 1 SYSTEMPATH\Debug\Exceptions.php(157): CodeIgniter\Debug\Exceptions->isFakerDeprecationError(8192, 'preg_match(): Passing null to parameter #2 ($subject) of type string is deprecated', 'APPPATH\\Controllers\\Transaction.php', 16)
 2 [internal function]: CodeIgniter\Debug\Exceptions->errorHandler(8192, 'preg_match(): Passing null to parameter #2 ($subject) of type string is deprecated', 'APPPATH\\Controllers\\Transaction.php', 16)
 3 APPPATH\Controllers\Transaction.php(16): preg_match('/Bearer\\s(\\S+)/', null, 'ROOTPATH\\public')
 4 SYSTEMPATH\CodeIgniter.php(927): App\Controllers\Transaction->transfer()
 5 SYSTEMPATH\CodeIgniter.php(482): CodeIgniter\CodeIgniter->runController(Object(App\Controllers\Transaction))
 6 SYSTEMPATH\CodeIgniter.php(351): CodeIgniter\CodeIgniter->handleRequest(null, Object(Config\Cache), false)
 7 FCPATH\index.php(67): CodeIgniter\CodeIgniter->run()
CRITICAL - 2022-11-09 01:38:32 --> syntax error, unexpected token "catch"
in APPPATH\Controllers\Transaction.php on line 39.
 1 SYSTEMPATH\Autoloader\Autoloader.php(259): CodeIgniter\Autoloader\Autoloader->includeFile('APPPATH\\Controllers\\Transaction.php')
 2 SYSTEMPATH\Autoloader\Autoloader.php(237): CodeIgniter\Autoloader\Autoloader->loadInNamespace('App\\Controllers\\Transaction')
 3 [internal function]: CodeIgniter\Autoloader\Autoloader->loadClass('App\\Controllers\\Transaction')
 4 SYSTEMPATH\CodeIgniter.php(877): class_exists('\\App\\Controllers\\Transaction', true)
 5 SYSTEMPATH\CodeIgniter.php(469): CodeIgniter\CodeIgniter->startController()
 6 SYSTEMPATH\CodeIgniter.php(351): CodeIgniter\CodeIgniter->handleRequest(null, Object(Config\Cache), false)
 7 FCPATH\index.php(67): CodeIgniter\CodeIgniter->run()
CRITICAL - 2022-11-09 01:43:28 --> Firebase\JWT\JWT::decode(): Argument #1 ($jwt) must be of type string, array given, called in C:\laragon\boscod\app\Controllers\Transaction.php on line 33
in ROOTPATH\Firebase\JWT\JWT.php on line 90.
 1 APPPATH\Controllers\Transaction.php(33): Firebase\JWT\JWT::decode([...], Object(Firebase\JWT\Key))
 2 SYSTEMPATH\CodeIgniter.php(927): App\Controllers\Transaction->transfer()
 3 SYSTEMPATH\CodeIgniter.php(482): CodeIgniter\CodeIgniter->runController(Object(App\Controllers\Transaction))
 4 SYSTEMPATH\CodeIgniter.php(351): CodeIgniter\CodeIgniter->handleRequest(null, Object(Config\Cache), false)
 5 FCPATH\index.php(67): CodeIgniter\CodeIgniter->run()
CRITICAL - 2022-11-09 01:46:06 --> Cannot use object of type stdClass as array
in APPPATH\Controllers\Transaction.php on line 35.
 1 SYSTEMPATH\CodeIgniter.php(927): App\Controllers\Transaction->transfer()
 2 SYSTEMPATH\CodeIgniter.php(482): CodeIgniter\CodeIgniter->runController(Object(App\Controllers\Transaction))
 3 SYSTEMPATH\CodeIgniter.php(351): CodeIgniter\CodeIgniter->handleRequest(null, Object(Config\Cache), false)
 4 FCPATH\index.php(67): CodeIgniter\CodeIgniter->run()
CRITICAL - 2022-11-09 04:07:19 --> syntax error, unexpected token ";", expecting "]"
in APPPATH\Controllers\Transaction.php on line 172.
 1 SYSTEMPATH\Autoloader\Autoloader.php(259): CodeIgniter\Autoloader\Autoloader->includeFile('APPPATH\\Controllers\\Transaction.php')
 2 SYSTEMPATH\Autoloader\Autoloader.php(237): CodeIgniter\Autoloader\Autoloader->loadInNamespace('App\\Controllers\\Transaction')
 3 [internal function]: CodeIgniter\Autoloader\Autoloader->loadClass('App\\Controllers\\Transaction')
 4 SYSTEMPATH\CodeIgniter.php(877): class_exists('\\App\\Controllers\\Transaction', true)
 5 SYSTEMPATH\CodeIgniter.php(469): CodeIgniter\CodeIgniter->startController()
 6 SYSTEMPATH\CodeIgniter.php(351): CodeIgniter\CodeIgniter->handleRequest(null, Object(Config\Cache), false)
 7 FCPATH\index.php(67): CodeIgniter\CodeIgniter->run()
CRITICAL - 2022-11-09 04:13:32 --> syntax error, unexpected token ";", expecting "]"
in APPPATH\Controllers\Transaction.php on line 179.
 1 SYSTEMPATH\Autoloader\Autoloader.php(259): CodeIgniter\Autoloader\Autoloader->includeFile('APPPATH\\Controllers\\Transaction.php')
 2 SYSTEMPATH\Autoloader\Autoloader.php(237): CodeIgniter\Autoloader\Autoloader->loadInNamespace('App\\Controllers\\Transaction')
 3 [internal function]: CodeIgniter\Autoloader\Autoloader->loadClass('App\\Controllers\\Transaction')
 4 SYSTEMPATH\CodeIgniter.php(877): class_exists('\\App\\Controllers\\Transaction', true)
 5 SYSTEMPATH\CodeIgniter.php(469): CodeIgniter\CodeIgniter->startController()
 6 SYSTEMPATH\CodeIgniter.php(351): CodeIgniter\CodeIgniter->handleRequest(null, Object(Config\Cache), false)
 7 FCPATH\index.php(67): CodeIgniter\CodeIgniter->run()
CRITICAL - 2022-11-09 04:34:40 --> syntax error, unexpected token ",", expecting "->" or "?->" or "{" or "["
in APPPATH\Controllers\Transaction.php on line 200.
 1 SYSTEMPATH\Autoloader\Autoloader.php(259): CodeIgniter\Autoloader\Autoloader->includeFile('APPPATH\\Controllers\\Transaction.php')
 2 SYSTEMPATH\Autoloader\Autoloader.php(237): CodeIgniter\Autoloader\Autoloader->loadInNamespace('App\\Controllers\\Transaction')
 3 [internal function]: CodeIgniter\Autoloader\Autoloader->loadClass('App\\Controllers\\Transaction')
 4 SYSTEMPATH\CodeIgniter.php(877): class_exists('\\App\\Controllers\\Transaction', true)
 5 SYSTEMPATH\CodeIgniter.php(469): CodeIgniter\CodeIgniter->startController()
 6 SYSTEMPATH\CodeIgniter.php(351): CodeIgniter\CodeIgniter->handleRequest(null, Object(Config\Cache), false)
 7 FCPATH\index.php(67): CodeIgniter\CodeIgniter->run()
ERROR - 2022-11-09 04:42:17 --> mysqli_sql_exception: Unknown column 'name' in 'where clause' in C:\laragon\boscod\system\Database\MySQLi\Connection.php:292
Stack trace:
#0 C:\laragon\boscod\system\Database\MySQLi\Connection.php(292): mysqli->query('\n              ...', 0)
#1 C:\laragon\boscod\system\Database\BaseConnection.php(666): CodeIgniter\Database\MySQLi\Connection->execute('\n              ...')
#2 C:\laragon\boscod\system\Database\BaseConnection.php(593): CodeIgniter\Database\BaseConnection->simpleQuery('\n              ...')
#3 C:\laragon\boscod\app\Controllers\Transaction.php(111): CodeIgniter\Database\BaseConnection->query('\n              ...')
#4 C:\laragon\boscod\system\CodeIgniter.php(927): App\Controllers\Transaction->transfer()
#5 C:\laragon\boscod\system\CodeIgniter.php(482): CodeIgniter\CodeIgniter->runController(Object(App\Controllers\Transaction))
#6 C:\laragon\boscod\system\CodeIgniter.php(351): CodeIgniter\CodeIgniter->handleRequest(NULL, Object(Config\Cache), false)
#7 C:\laragon\boscod\public\index.php(67): CodeIgniter\CodeIgniter->run()
#8 {main}
ERROR - 2022-11-09 04:42:30 --> mysqli_sql_exception: Unknown column 'name' in 'where clause' in C:\laragon\boscod\system\Database\MySQLi\Connection.php:292
Stack trace:
#0 C:\laragon\boscod\system\Database\MySQLi\Connection.php(292): mysqli->query('\n              ...', 0)
#1 C:\laragon\boscod\system\Database\BaseConnection.php(666): CodeIgniter\Database\MySQLi\Connection->execute('\n              ...')
#2 C:\laragon\boscod\system\Database\BaseConnection.php(593): CodeIgniter\Database\BaseConnection->simpleQuery('\n              ...')
#3 C:\laragon\boscod\app\Controllers\Transaction.php(111): CodeIgniter\Database\BaseConnection->query('\n              ...')
#4 C:\laragon\boscod\system\CodeIgniter.php(927): App\Controllers\Transaction->transfer()
#5 C:\laragon\boscod\system\CodeIgniter.php(482): CodeIgniter\CodeIgniter->runController(Object(App\Controllers\Transaction))
#6 C:\laragon\boscod\system\CodeIgniter.php(351): CodeIgniter\CodeIgniter->handleRequest(NULL, Object(Config\Cache), false)
#7 C:\laragon\boscod\public\index.php(67): CodeIgniter\CodeIgniter->run()
#8 {main}
ERROR - 2022-11-09 04:42:48 --> mysqli_sql_exception: Unknown column 'name' in 'where clause' in C:\laragon\boscod\system\Database\MySQLi\Connection.php:292
Stack trace:
#0 C:\laragon\boscod\system\Database\MySQLi\Connection.php(292): mysqli->query('\n              ...', 0)
#1 C:\laragon\boscod\system\Database\BaseConnection.php(666): CodeIgniter\Database\MySQLi\Connection->execute('\n              ...')
#2 C:\laragon\boscod\system\Database\BaseConnection.php(593): CodeIgniter\Database\BaseConnection->simpleQuery('\n              ...')
#3 C:\laragon\boscod\app\Controllers\Transaction.php(111): CodeIgniter\Database\BaseConnection->query('\n              ...')
#4 C:\laragon\boscod\system\CodeIgniter.php(927): App\Controllers\Transaction->transfer()
#5 C:\laragon\boscod\system\CodeIgniter.php(482): CodeIgniter\CodeIgniter->runController(Object(App\Controllers\Transaction))
#6 C:\laragon\boscod\system\CodeIgniter.php(351): CodeIgniter\CodeIgniter->handleRequest(NULL, Object(Config\Cache), false)
#7 C:\laragon\boscod\public\index.php(67): CodeIgniter\CodeIgniter->run()
#8 {main}
ERROR - 2022-11-09 04:42:58 --> mysqli_sql_exception: Unknown column 'name' in 'where clause' in C:\laragon\boscod\system\Database\MySQLi\Connection.php:292
Stack trace:
#0 C:\laragon\boscod\system\Database\MySQLi\Connection.php(292): mysqli->query('\n              ...', 0)
#1 C:\laragon\boscod\system\Database\BaseConnection.php(666): CodeIgniter\Database\MySQLi\Connection->execute('\n              ...')
#2 C:\laragon\boscod\system\Database\BaseConnection.php(593): CodeIgniter\Database\BaseConnection->simpleQuery('\n              ...')
#3 C:\laragon\boscod\app\Controllers\Transaction.php(111): CodeIgniter\Database\BaseConnection->query('\n              ...')
#4 C:\laragon\boscod\system\CodeIgniter.php(927): App\Controllers\Transaction->transfer()
#5 C:\laragon\boscod\system\CodeIgniter.php(482): CodeIgniter\CodeIgniter->runController(Object(App\Controllers\Transaction))
#6 C:\laragon\boscod\system\CodeIgniter.php(351): CodeIgniter\CodeIgniter->handleRequest(NULL, Object(Config\Cache), false)
#7 C:\laragon\boscod\public\index.php(67): CodeIgniter\CodeIgniter->run()
#8 {main}
ERROR - 2022-11-09 04:43:11 --> mysqli_sql_exception: Unknown column 'name' in 'where clause' in C:\laragon\boscod\system\Database\MySQLi\Connection.php:292
Stack trace:
#0 C:\laragon\boscod\system\Database\MySQLi\Connection.php(292): mysqli->query('\n              ...', 0)
#1 C:\laragon\boscod\system\Database\BaseConnection.php(666): CodeIgniter\Database\MySQLi\Connection->execute('\n              ...')
#2 C:\laragon\boscod\system\Database\BaseConnection.php(593): CodeIgniter\Database\BaseConnection->simpleQuery('\n              ...')
#3 C:\laragon\boscod\app\Controllers\Transaction.php(111): CodeIgniter\Database\BaseConnection->query('\n              ...')
#4 C:\laragon\boscod\system\CodeIgniter.php(927): App\Controllers\Transaction->transfer()
#5 C:\laragon\boscod\system\CodeIgniter.php(482): CodeIgniter\CodeIgniter->runController(Object(App\Controllers\Transaction))
#6 C:\laragon\boscod\system\CodeIgniter.php(351): CodeIgniter\CodeIgniter->handleRequest(NULL, Object(Config\Cache), false)
#7 C:\laragon\boscod\public\index.php(67): CodeIgniter\CodeIgniter->run()
#8 {main}
ERROR - 2022-11-09 04:43:29 --> mysqli_sql_exception: Unknown column 'name' in 'where clause' in C:\laragon\boscod\system\Database\MySQLi\Connection.php:292
Stack trace:
#0 C:\laragon\boscod\system\Database\MySQLi\Connection.php(292): mysqli->query('\n              ...', 0)
#1 C:\laragon\boscod\system\Database\BaseConnection.php(666): CodeIgniter\Database\MySQLi\Connection->execute('\n              ...')
#2 C:\laragon\boscod\system\Database\BaseConnection.php(593): CodeIgniter\Database\BaseConnection->simpleQuery('\n              ...')
#3 C:\laragon\boscod\app\Controllers\Transaction.php(111): CodeIgniter\Database\BaseConnection->query('\n              ...')
#4 C:\laragon\boscod\system\CodeIgniter.php(927): App\Controllers\Transaction->transfer()
#5 C:\laragon\boscod\system\CodeIgniter.php(482): CodeIgniter\CodeIgniter->runController(Object(App\Controllers\Transaction))
#6 C:\laragon\boscod\system\CodeIgniter.php(351): CodeIgniter\CodeIgniter->handleRequest(NULL, Object(Config\Cache), false)
#7 C:\laragon\boscod\public\index.php(67): CodeIgniter\CodeIgniter->run()
#8 {main}
CRITICAL - 2022-11-09 04:43:51 --> Class "App\Controllers\DateTime" not found
in APPPATH\Controllers\Transaction.php on line 168.
 1 SYSTEMPATH\CodeIgniter.php(927): App\Controllers\Transaction->transfer()
 2 SYSTEMPATH\CodeIgniter.php(482): CodeIgniter\CodeIgniter->runController(Object(App\Controllers\Transaction))
 3 SYSTEMPATH\CodeIgniter.php(351): CodeIgniter\CodeIgniter->handleRequest(null, Object(Config\Cache), false)
 4 FCPATH\index.php(67): CodeIgniter\CodeIgniter->run()
CRITICAL - 2022-11-09 04:44:08 --> date() expects at least 1 argument, 0 given
in APPPATH\Controllers\Transaction.php on line 172.
 1 APPPATH\Controllers\Transaction.php(172): date()
 2 SYSTEMPATH\CodeIgniter.php(927): App\Controllers\Transaction->transfer()
 3 SYSTEMPATH\CodeIgniter.php(482): CodeIgniter\CodeIgniter->runController(Object(App\Controllers\Transaction))
 4 SYSTEMPATH\CodeIgniter.php(351): CodeIgniter\CodeIgniter->handleRequest(null, Object(Config\Cache), false)
 5 FCPATH\index.php(67): CodeIgniter\CodeIgniter->run()
CRITICAL - 2022-11-09 04:44:46 --> date() expects at least 1 argument, 0 given
in APPPATH\Controllers\Transaction.php on line 172.
 1 APPPATH\Controllers\Transaction.php(172): date()
 2 SYSTEMPATH\CodeIgniter.php(927): App\Controllers\Transaction->transfer()
 3 SYSTEMPATH\CodeIgniter.php(482): CodeIgniter\CodeIgniter->runController(Object(App\Controllers\Transaction))
 4 SYSTEMPATH\CodeIgniter.php(351): CodeIgniter\CodeIgniter->handleRequest(null, Object(Config\Cache), false)
 5 FCPATH\index.php(67): CodeIgniter\CodeIgniter->run()
CRITICAL - 2022-11-09 04:45:41 --> Class "date" not found
in APPPATH\Controllers\Transaction.php on line 172.
 1 SYSTEMPATH\CodeIgniter.php(927): App\Controllers\Transaction->transfer()
 2 SYSTEMPATH\CodeIgniter.php(482): CodeIgniter\CodeIgniter->runController(Object(App\Controllers\Transaction))
 3 SYSTEMPATH\CodeIgniter.php(351): CodeIgniter\CodeIgniter->handleRequest(null, Object(Config\Cache), false)
 4 FCPATH\index.php(67): CodeIgniter\CodeIgniter->run()
CRITICAL - 2022-11-09 04:45:49 --> Class "App\Controllers\date" not found
in APPPATH\Controllers\Transaction.php on line 172.
 1 SYSTEMPATH\CodeIgniter.php(927): App\Controllers\Transaction->transfer()
 2 SYSTEMPATH\CodeIgniter.php(482): CodeIgniter\CodeIgniter->runController(Object(App\Controllers\Transaction))
 3 SYSTEMPATH\CodeIgniter.php(351): CodeIgniter\CodeIgniter->handleRequest(null, Object(Config\Cache), false)
 4 FCPATH\index.php(67): CodeIgniter\CodeIgniter->run()
CRITICAL - 2022-11-09 04:47:16 --> Object of class DateTime could not be converted to string
in APPPATH\Controllers\Transaction.php on line 201.
 1 SYSTEMPATH\CodeIgniter.php(927): App\Controllers\Transaction->transfer()
 2 SYSTEMPATH\CodeIgniter.php(482): CodeIgniter\CodeIgniter->runController(Object(App\Controllers\Transaction))
 3 SYSTEMPATH\CodeIgniter.php(351): CodeIgniter\CodeIgniter->handleRequest(null, Object(Config\Cache), false)
 4 FCPATH\index.php(67): CodeIgniter\CodeIgniter->run()
CRITICAL - 2022-11-09 04:48:16 --> Object of class DateTime could not be converted to string
in APPPATH\Controllers\Transaction.php on line 201.
 1 SYSTEMPATH\CodeIgniter.php(927): App\Controllers\Transaction->transfer()
 2 SYSTEMPATH\CodeIgniter.php(482): CodeIgniter\CodeIgniter->runController(Object(App\Controllers\Transaction))
 3 SYSTEMPATH\CodeIgniter.php(351): CodeIgniter\CodeIgniter->handleRequest(null, Object(Config\Cache), false)
 4 FCPATH\index.php(67): CodeIgniter\CodeIgniter->run()
CRITICAL - 2022-11-09 04:49:31 --> Object of class DateTime could not be converted to string
in APPPATH\Controllers\Transaction.php on line 201.
 1 SYSTEMPATH\CodeIgniter.php(927): App\Controllers\Transaction->transfer()
 2 SYSTEMPATH\CodeIgniter.php(482): CodeIgniter\CodeIgniter->runController(Object(App\Controllers\Transaction))
 3 SYSTEMPATH\CodeIgniter.php(351): CodeIgniter\CodeIgniter->handleRequest(null, Object(Config\Cache), false)
 4 FCPATH\index.php(67): CodeIgniter\CodeIgniter->run()
